# JRE version: OpenJDK Runtime Environment Temurin-21.0.7+6 (21.0.7+6) (build 21.0.7+6-LTS)
# Java VM: OpenJDK 64-Bit Server VM Temurin-21.0.7+6 (21.0.7+6-LTS, mixed mode, sharing, tiered, compressed oops, compressed class ptrs, parallel gc, windows-amd64)
GC Precious Log:
 CardTable entry size: 512
 CPUs: 4 total, 4 available
 Memory: 6090M
 Large Page Support: Disabled
 NUMA Support: Disabled
 Compressed Oops: Enabled (32-bit)
 Alignments: Space 512K, Generation 512K, Heap 2M
 Heap Min Capacity: 100M
 Heap Initial Capacity: 100M
 Heap Max Capacity: 2G
 Pre-touch: Disabled
 Parallel Workers: 4
Heap:
 PSYoungGen      total 3584K, used 3072K [0x00000000d5580000, 0x00000000d5b00000, 0x0000000100000000)
  eden space 1536K, 100% used [0x00000000d5580000,0x00000000d5700000,0x00000000d5700000)
  from space 2048K, 75% used [0x00000000d5700000,0x00000000d5880000,0x00000000d5900000)
  to   space 2048K, 0% used [0x00000000d5900000,0x00000000d5900000,0x00000000d5b00000)
 ParOldGen       total 258560K, used 233914K [0x0000000080000000, 0x000000008fc80000, 0x00000000d5580000)
  object space 258560K, 90% used [0x0000000080000000,0x000000008e46e918,0x000000008fc80000)
 Metaspace       used 73163K, committed 74688K, reserved 1179648K
  class space    used 8104K, committed 8768K, reserved 1048576K
GC Heap History (20 events):
Event: 353.544 GC heap after
{Heap after GC invocations=2913 (full 5):
 PSYoungGen      total 1536K, used 512K [0x00000000d5580000, 0x00000000d5980000, 0x0000000100000000)
  eden space 1024K, 0% used [0x00000000d5580000,0x00000000d5580000,0x00000000d5680000)
  from space 512K, 100% used [0x00000000d5800000,0x00000000d5880000,0x00000000d5880000)
  to   space 1536K, 0% used [0x00000000d5680000,0x00000000d5680000,0x00000000d5800000)
 ParOldGen       total 308224K, used 307978K [0x0000000080000000, 0x0000000092d00000, 0x00000000d5580000)
  object space 308224K, 99% used [0x0000000080000000,0x0000000092cc2b68,0x0000000092d00000)
 Metaspace       used 73123K, committed 74624K, reserved 1179648K
  class space    used 8100K, committed 8768K, reserved 1048576K
}
Event: 353.800 GC heap before
{Heap before GC invocations=2914 (full 5):
 PSYoungGen      total 1536K, used 1535K [0x00000000d5580000, 0x00000000d5980000, 0x0000000100000000)
  eden space 1024K, 99% used [0x00000000d5580000,0x00000000d567ff30,0x00000000d5680000)
  from space 512K, 100% used [0x00000000d5800000,0x00000000d5880000,0x00000000d5880000)
  to   space 1536K, 0% used [0x00000000d5680000,0x00000000d5680000,0x00000000d5800000)
 ParOldGen       total 308224K, used 307978K [0x0000000080000000, 0x0000000092d00000, 0x00000000d5580000)
  object space 308224K, 99% used [0x0000000080000000,0x0000000092cc2b68,0x0000000092d00000)
 Metaspace       used 73124K, committed 74624K, reserved 1179648K
  class space    used 8100K, committed 8768K, reserved 1048576K
}
Event: 353.803 GC heap after
{Heap after GC invocations=2914 (full 5):
 PSYoungGen      total 2560K, used 991K [0x00000000d5580000, 0x00000000d5980000, 0x0000000100000000)
  eden space 1024K, 0% used [0x00000000d5580000,0x00000000d5580000,0x00000000d5680000)
  from space 1536K, 64% used [0x00000000d5680000,0x00000000d5777d70,0x00000000d5800000)
  to   space 1536K, 0% used [0x00000000d5800000,0x00000000d5800000,0x00000000d5980000)
 ParOldGen       total 308736K, used 308482K [0x0000000080000000, 0x0000000092d80000, 0x00000000d5580000)
  object space 308736K, 99% used [0x0000000080000000,0x0000000092d40b68,0x0000000092d80000)
 Metaspace       used 73124K, committed 74624K, reserved 1179648K
  class space    used 8100K, committed 8768K, reserved 1048576K
}
Event: 353.824 GC heap before
{Heap before GC invocations=2915 (full 5):
 PSYoungGen      total 2560K, used 2013K [0x00000000d5580000, 0x00000000d5980000, 0x0000000100000000)
  eden space 1024K, 99% used [0x00000000d5580000,0x00000000d567f828,0x00000000d5680000)
  from space 1536K, 64% used [0x00000000d5680000,0x00000000d5777d70,0x00000000d5800000)
  to   space 1536K, 0% used [0x00000000d5800000,0x00000000d5800000,0x00000000d5980000)
 ParOldGen       total 308736K, used 308482K [0x0000000080000000, 0x0000000092d80000, 0x00000000d5580000)
  object space 308736K, 99% used [0x0000000080000000,0x0000000092d40b68,0x0000000092d80000)
 Metaspace       used 73124K, committed 74624K, reserved 1179648K
  class space    used 8100K, committed 8768K, reserved 1048576K
}
Event: 353.828 GC heap after
{Heap after GC invocations=2915 (full 5):
 PSYoungGen      total 2048K, used 992K [0x00000000d5580000, 0x00000000d5900000, 0x0000000100000000)
  eden space 1024K, 0% used [0x00000000d5580000,0x00000000d5580000,0x00000000d5680000)
  from space 1024K, 96% used [0x00000000d5800000,0x00000000d58f8000,0x00000000d5900000)
  to   space 1024K, 0% used [0x00000000d5700000,0x00000000d5700000,0x00000000d5800000)
 ParOldGen       total 309760K, used 309434K [0x0000000080000000, 0x0000000092e80000, 0x00000000d5580000)
  object space 309760K, 99% used [0x0000000080000000,0x0000000092e2e8d8,0x0000000092e80000)
 Metaspace       used 73124K, committed 74624K, reserved 1179648K
  class space    used 8100K, committed 8768K, reserved 1048576K
}
Event: 353.840 GC heap before
{Heap before GC invocations=2916 (full 5):
 PSYoungGen      total 2048K, used 2015K [0x00000000d5580000, 0x00000000d5900000, 0x0000000100000000)
  eden space 1024K, 99% used [0x00000000d5580000,0x00000000d567ffa0,0x00000000d5680000)
  from space 1024K, 96% used [0x00000000d5800000,0x00000000d58f8000,0x00000000d5900000)
  to   space 1024K, 0% used [0x00000000d5700000,0x00000000d5700000,0x00000000d5800000)
 ParOldGen       total 309760K, used 309434K [0x0000000080000000, 0x0000000092e80000, 0x00000000d5580000)
  object space 309760K, 99% used [0x0000000080000000,0x0000000092e2e8d8,0x0000000092e80000)
 Metaspace       used 73124K, committed 74624K, reserved 1179648K
  class space    used 8100K, committed 8768K, reserved 1048576K
}
Event: 353.846 GC heap after
{Heap after GC invocations=2916 (full 5):
 PSYoungGen      total 2048K, used 1017K [0x00000000d5580000, 0x00000000d5880000, 0x0000000100000000)
  eden space 1024K, 0% used [0x00000000d5580000,0x00000000d5580000,0x00000000d5680000)
  from space 1024K, 99% used [0x00000000d5700000,0x00000000d57fe6f0,0x00000000d5800000)
  to   space 512K, 0% used [0x00000000d5800000,0x00000000d5800000,0x00000000d5880000)
 ParOldGen       total 310784K, used 310362K [0x0000000080000000, 0x0000000092f80000, 0x00000000d5580000)
  object space 310784K, 99% used [0x0000000080000000,0x0000000092f168d8,0x0000000092f80000)
 Metaspace       used 73124K, committed 74624K, reserved 1179648K
  class space    used 8100K, committed 8768K, reserved 1048576K
}
Event: 353.980 GC heap before
{Heap before GC invocations=2917 (full 5):
 PSYoungGen      total 2048K, used 2041K [0x00000000d5580000, 0x00000000d5880000, 0x0000000100000000)
  eden space 1024K, 100% used [0x00000000d5580000,0x00000000d5680000,0x00000000d5680000)
  from space 1024K, 99% used [0x00000000d5700000,0x00000000d57fe6f0,0x00000000d5800000)
  to   space 512K, 0% used [0x00000000d5800000,0x00000000d5800000,0x00000000d5880000)
 ParOldGen       total 310784K, used 310362K [0x0000000080000000, 0x0000000092f80000, 0x00000000d5580000)
  object space 310784K, 99% used [0x0000000080000000,0x0000000092f168d8,0x0000000092f80000)
 Metaspace       used 73125K, committed 74624K, reserved 1179648K
  class space    used 8101K, committed 8768K, reserved 1048576K
}
Event: 354.165 GC heap after
{Heap after GC invocations=2917 (full 5):
 PSYoungGen      total 1024K, used 512K [0x00000000d5580000, 0x00000000d5b00000, 0x0000000100000000)
  eden space 512K, 0% used [0x00000000d5580000,0x00000000d5580000,0x00000000d5600000)
  from space 512K, 100% used [0x00000000d5800000,0x00000000d5880000,0x00000000d5880000)
  to   space 2048K, 0% used [0x00000000d5600000,0x00000000d5600000,0x00000000d5800000)
 ParOldGen       total 311808K, used 311691K [0x0000000080000000, 0x0000000093080000, 0x00000000d5580000)
  object space 311808K, 99% used [0x0000000080000000,0x0000000093062fc8,0x0000000093080000)
 Metaspace       used 73125K, committed 74624K, reserved 1179648K
  class space    used 8101K, committed 8768K, reserved 1048576K
}
Event: 354.396 GC heap before
{Heap before GC invocations=2918 (full 5):
 PSYoungGen      total 1024K, used 1023K [0x00000000d5580000, 0x00000000d5b00000, 0x0000000100000000)
  eden space 512K, 99% used [0x00000000d5580000,0x00000000d55fffe0,0x00000000d5600000)
  from space 512K, 100% used [0x00000000d5800000,0x00000000d5880000,0x00000000d5880000)
  to   space 2048K, 0% used [0x00000000d5600000,0x00000000d5600000,0x00000000d5800000)
 ParOldGen       total 311808K, used 311691K [0x0000000080000000, 0x0000000093080000, 0x00000000d5580000)
  object space 311808K, 99% used [0x0000000080000000,0x0000000093062fc8,0x0000000093080000)
 Metaspace       used 73125K, committed 74624K, reserved 1179648K
  class space    used 8101K, committed 8768K, reserved 1048576K
}
Event: 354.400 GC heap after
{Heap after GC invocations=2918 (full 5):
 PSYoungGen      total 1024K, used 512K [0x00000000d5580000, 0x00000000d5880000, 0x0000000100000000)
  eden space 512K, 0% used [0x00000000d5580000,0x00000000d5580000,0x00000000d5600000)
  from space 512K, 100% used [0x00000000d5600000,0x00000000d5680000,0x00000000d5680000)
  to   space 1024K, 0% used [0x00000000d5780000,0x00000000d5780000,0x00000000d5880000)
 ParOldGen       total 312320K, used 312211K [0x0000000080000000, 0x0000000093100000, 0x00000000d5580000)
  object space 312320K, 99% used [0x0000000080000000,0x00000000930e4fc8,0x0000000093100000)
 Metaspace       used 73125K, committed 74624K, reserved 1179648K
  class space    used 8101K, committed 8768K, reserved 1048576K
}
Event: 354.436 GC heap before
{Heap before GC invocations=2919 (full 5):
 PSYoungGen      total 1024K, used 1024K [0x00000000d5580000, 0x00000000d5880000, 0x0000000100000000)
  eden space 512K, 100% used [0x00000000d5580000,0x00000000d5600000,0x00000000d5600000)
  from space 512K, 100% used [0x00000000d5600000,0x00000000d5680000,0x00000000d5680000)
  to   space 1024K, 0% used [0x00000000d5780000,0x00000000d5780000,0x00000000d5880000)
 ParOldGen       total 312320K, used 312211K [0x0000000080000000, 0x0000000093100000, 0x00000000d5580000)
  object space 312320K, 99% used [0x0000000080000000,0x00000000930e4fc8,0x0000000093100000)
 Metaspace       used 73126K, committed 74624K, reserved 1179648K
  class space    used 8101K, committed 8768K, reserved 1048576K
}
Event: 354.438 GC heap after
{Heap after GC invocations=2919 (full 5):
 PSYoungGen      total 1024K, used 512K [0x00000000d5580000, 0x00000000d5800000, 0x0000000100000000)
  eden space 512K, 0% used [0x00000000d5580000,0x00000000d5580000,0x00000000d5600000)
  from space 512K, 100% used [0x00000000d5780000,0x00000000d5800000,0x00000000d5800000)
  to   space 1024K, 0% used [0x00000000d5600000,0x00000000d5600000,0x00000000d5700000)
 ParOldGen       total 312832K, used 312651K [0x0000000080000000, 0x0000000093180000, 0x00000000d5580000)
  object space 312832K, 99% used [0x0000000080000000,0x0000000093152fc8,0x0000000093180000)
 Metaspace       used 73126K, committed 74624K, reserved 1179648K
  class space    used 8101K, committed 8768K, reserved 1048576K
}
Event: 354.461 GC heap before
{Heap before GC invocations=2920 (full 5):
 PSYoungGen      total 1024K, used 1024K [0x00000000d5580000, 0x00000000d5800000, 0x0000000100000000)
  eden space 512K, 100% used [0x00000000d5580000,0x00000000d5600000,0x00000000d5600000)
  from space 512K, 100% used [0x00000000d5780000,0x00000000d5800000,0x00000000d5800000)
  to   space 1024K, 0% used [0x00000000d5600000,0x00000000d5600000,0x00000000d5700000)
 ParOldGen       total 312832K, used 312651K [0x0000000080000000, 0x0000000093180000, 0x00000000d5580000)
  object space 312832K, 99% used [0x0000000080000000,0x0000000093152fc8,0x0000000093180000)
 Metaspace       used 73126K, committed 74624K, reserved 1179648K
  class space    used 8101K, committed 8768K, reserved 1048576K
}
Event: 354.463 GC heap after
{Heap after GC invocations=2920 (full 5):
 PSYoungGen      total 1536K, used 480K [0x00000000d5580000, 0x00000000d5800000, 0x0000000100000000)
  eden space 512K, 0% used [0x00000000d5580000,0x00000000d5580000,0x00000000d5600000)
  from space 1024K, 46% used [0x00000000d5600000,0x00000000d5678000,0x00000000d5700000)
  to   space 512K, 0% used [0x00000000d5780000,0x00000000d5780000,0x00000000d5800000)
 ParOldGen       total 313344K, used 313091K [0x0000000080000000, 0x0000000093200000, 0x00000000d5580000)
  object space 313344K, 99% used [0x0000000080000000,0x00000000931c0fc8,0x0000000093200000)
 Metaspace       used 73126K, committed 74624K, reserved 1179648K
  class space    used 8101K, committed 8768K, reserved 1048576K
}
Event: 354.534 GC heap before
{Heap before GC invocations=2921 (full 5):
 PSYoungGen      total 1536K, used 991K [0x00000000d5580000, 0x00000000d5800000, 0x0000000100000000)
  eden space 512K, 99% used [0x00000000d5580000,0x00000000d55fff80,0x00000000d5600000)
  from space 1024K, 46% used [0x00000000d5600000,0x00000000d5678000,0x00000000d5700000)
  to   space 512K, 0% used [0x00000000d5780000,0x00000000d5780000,0x00000000d5800000)
 ParOldGen       total 313344K, used 313091K [0x0000000080000000, 0x0000000093200000, 0x00000000d5580000)
  object space 313344K, 99% used [0x0000000080000000,0x00000000931c0fc8,0x0000000093200000)
 Metaspace       used 73127K, committed 74624K, reserved 1179648K
  class space    used 8101K, committed 8768K, reserved 1048576K
}
Event: 354.536 GC heap after
{Heap after GC invocations=2921 (full 5):
 PSYoungGen      total 2048K, used 448K [0x00000000d5580000, 0x00000000d5800000, 0x0000000100000000)
  eden space 1536K, 0% used [0x00000000d5580000,0x00000000d5580000,0x00000000d5700000)
  from space 512K, 87% used [0x00000000d5780000,0x00000000d57f0000,0x00000000d5800000)
  to   space 512K, 0% used [0x00000000d5700000,0x00000000d5700000,0x00000000d5780000)
 ParOldGen       total 313856K, used 313515K [0x0000000080000000, 0x0000000093280000, 0x00000000d5580000)
  object space 313856K, 99% used [0x0000000080000000,0x000000009322afc8,0x0000000093280000)
 Metaspace       used 73127K, committed 74624K, reserved 1179648K
  class space    used 8101K, committed 8768K, reserved 1048576K
}
Event: 356.517 GC heap before
{Heap before GC invocations=2922 (full 5):
 PSYoungGen      total 2048K, used 1984K [0x00000000d5580000, 0x00000000d5800000, 0x0000000100000000)
  eden space 1536K, 100% used [0x00000000d5580000,0x00000000d5700000,0x00000000d5700000)
  from space 512K, 87% used [0x00000000d5780000,0x00000000d57f0000,0x00000000d5800000)
  to   space 512K, 0% used [0x00000000d5700000,0x00000000d5700000,0x00000000d5780000)
 ParOldGen       total 313856K, used 313515K [0x0000000080000000, 0x0000000093280000, 0x00000000d5580000)
  object space 313856K, 99% used [0x0000000080000000,0x000000009322afc8,0x0000000093280000)
 Metaspace       used 73141K, committed 74688K, reserved 1179648K
  class space    used 8102K, committed 8768K, reserved 1048576K
}
Event: 356.540 GC heap after
{Heap after GC invocations=2922 (full 5):
 PSYoungGen      total 2048K, used 497K [0x00000000d5580000, 0x00000000d5c00000, 0x0000000100000000)
  eden space 1536K, 0% used [0x00000000d5580000,0x00000000d5580000,0x00000000d5700000)
  from space 512K, 97% used [0x00000000d5700000,0x00000000d577c670,0x00000000d5780000)
  to   space 2560K, 0% used [0x00000000d5980000,0x00000000d5980000,0x00000000d5c00000)
 ParOldGen       total 314880K, used 314844K [0x0000000080000000, 0x0000000093380000, 0x00000000d5580000)
  object space 314880K, 99% used [0x0000000080000000,0x0000000093377268,0x0000000093380000)
 Metaspace       used 73141K, committed 74688K, reserved 1179648K
  class space    used 8102K, committed 8768K, reserved 1048576K
}
Event: 356.744 GC heap before
{Heap before GC invocations=2923 (full 5):
 PSYoungGen      total 2048K, used 2033K [0x00000000d5580000, 0x00000000d5c00000, 0x0000000100000000)
  eden space 1536K, 100% used [0x00000000d5580000,0x00000000d5700000,0x00000000d5700000)
  from space 512K, 97% used [0x00000000d5700000,0x00000000d577c670,0x00000000d5780000)
  to   space 2560K, 0% used [0x00000000d5980000,0x00000000d5980000,0x00000000d5c00000)
 ParOldGen       total 317952K, used 317656K [0x0000000080000000, 0x0000000093680000, 0x00000000d5580000)
  object space 317952K, 99% used [0x0000000080000000,0x0000000093636340,0x0000000093680000)
 Metaspace       used 73143K, committed 74688K, reserved 1179648K
  class space    used 8102K, committed 8768K, reserved 1048576K
}

