# JRE version: OpenJDK Runtime Environment Temurin-21.0.7+6 (21.0.7+6) (build 21.0.7+6-LTS)
# Java VM: OpenJDK 64-Bit Server VM Temurin-21.0.7+6 (21.0.7+6-LTS, mixed mode, sharing, tiered, compressed oops, compressed class ptrs, parallel gc, windows-amd64)
GC Precious Log:
 CardTable entry size: 512
 CPUs: 4 total, 4 available
 Memory: 6090M
 Large Page Support: Disabled
 NUMA Support: Disabled
 Compressed Oops: Enabled (32-bit)
 Alignments: Space 512K, Generation 512K, Heap 2M
 Heap Min Capacity: 100M
 Heap Initial Capacity: 100M
 Heap Max Capacity: 2G
 Pre-touch: Disabled
 Parallel Workers: 4
Heap:
 PSYoungGen      total 15872K, used 12127K [0x00000000d5580000, 0x00000000d6b00000, 0x0000000100000000)
  eden space 11776K, 71% used [0x00000000d5580000,0x00000000d5dc1df0,0x00000000d6100000)
  from space 4096K, 89% used [0x00000000d6100000,0x00000000d6495f50,0x00000000d6500000)
  to   space 5120K, 0% used [0x00000000d6600000,0x00000000d6600000,0x00000000d6b00000)
 ParOldGen       total 114688K, used 114407K [0x0000000080000000, 0x0000000087000000, 0x00000000d5580000)
  object space 114688K, 99% used [0x0000000080000000,0x0000000086fb9c70,0x0000000087000000)
 Metaspace       used 57357K, committed 58688K, reserved 1114112K
  class space    used 5926K, committed 6464K, reserved 1048576K
GC Heap History (20 events):
Event: 46.011 GC heap before
{Heap before GC invocations=44 (full 2):
 PSYoungGen      total 24064K, used 23597K [0x00000000d5580000, 0x00000000d7180000, 0x0000000100000000)
  eden space 19456K, 100% used [0x00000000d5580000,0x00000000d6880000,0x00000000d6880000)
  from space 4608K, 89% used [0x00000000d6a00000,0x00000000d6e0b518,0x00000000d6e80000)
  to   space 3072K, 0% used [0x00000000d6e80000,0x00000000d6e80000,0x00000000d7180000)
 ParOldGen       total 82432K, used 82078K [0x0000000080000000, 0x0000000085080000, 0x00000000d5580000)
  object space 82432K, 99% used [0x0000000080000000,0x00000000850279f8,0x0000000085080000)
 Metaspace       used 56564K, committed 57792K, reserved 1114112K
  class space    used 5873K, committed 6400K, reserved 1048576K
}
Event: 46.020 GC heap after
{Heap after GC invocations=44 (full 2):
 PSYoungGen      total 20480K, used 3060K [0x00000000d5580000, 0x00000000d7880000, 0x0000000100000000)
  eden space 17408K, 0% used [0x00000000d5580000,0x00000000d5580000,0x00000000d6680000)
  from space 3072K, 99% used [0x00000000d6e80000,0x00000000d717d1a8,0x00000000d7180000)
  to   space 8192K, 0% used [0x00000000d6680000,0x00000000d6680000,0x00000000d6e80000)
 ParOldGen       total 86528K, used 86454K [0x0000000080000000, 0x0000000085480000, 0x00000000d5580000)
  object space 86528K, 99% used [0x0000000080000000,0x000000008546d970,0x0000000085480000)
 Metaspace       used 56564K, committed 57792K, reserved 1114112K
  class space    used 5873K, committed 6400K, reserved 1048576K
}
Event: 46.274 GC heap before
{Heap before GC invocations=45 (full 2):
 PSYoungGen      total 20480K, used 20468K [0x00000000d5580000, 0x00000000d7880000, 0x0000000100000000)
  eden space 17408K, 100% used [0x00000000d5580000,0x00000000d6680000,0x00000000d6680000)
  from space 3072K, 99% used [0x00000000d6e80000,0x00000000d717d1a8,0x00000000d7180000)
  to   space 8192K, 0% used [0x00000000d6680000,0x00000000d6680000,0x00000000d6e80000)
 ParOldGen       total 86528K, used 86454K [0x0000000080000000, 0x0000000085480000, 0x00000000d5580000)
  object space 86528K, 99% used [0x0000000080000000,0x000000008546d970,0x0000000085480000)
 Metaspace       used 56615K, committed 57856K, reserved 1114112K
  class space    used 5873K, committed 6400K, reserved 1048576K
}
Event: 46.279 GC heap after
{Heap after GC invocations=45 (full 2):
 PSYoungGen      total 21504K, used 3950K [0x00000000d5580000, 0x00000000d7180000, 0x0000000100000000)
  eden space 17408K, 0% used [0x00000000d5580000,0x00000000d5580000,0x00000000d6680000)
  from space 4096K, 96% used [0x00000000d6680000,0x00000000d6a5bad0,0x00000000d6a80000)
  to   space 5632K, 0% used [0x00000000d6c00000,0x00000000d6c00000,0x00000000d7180000)
 ParOldGen       total 89600K, used 89399K [0x0000000080000000, 0x0000000085780000, 0x00000000d5580000)
  object space 89600K, 99% used [0x0000000080000000,0x000000008574dc40,0x0000000085780000)
 Metaspace       used 56615K, committed 57856K, reserved 1114112K
  class space    used 5873K, committed 6400K, reserved 1048576K
}
Event: 46.540 GC heap before
{Heap before GC invocations=46 (full 2):
 PSYoungGen      total 21504K, used 21358K [0x00000000d5580000, 0x00000000d7180000, 0x0000000100000000)
  eden space 17408K, 100% used [0x00000000d5580000,0x00000000d6680000,0x00000000d6680000)
  from space 4096K, 96% used [0x00000000d6680000,0x00000000d6a5bad0,0x00000000d6a80000)
  to   space 5632K, 0% used [0x00000000d6c00000,0x00000000d6c00000,0x00000000d7180000)
 ParOldGen       total 89600K, used 89399K [0x0000000080000000, 0x0000000085780000, 0x00000000d5580000)
  object space 89600K, 99% used [0x0000000080000000,0x000000008574dc40,0x0000000085780000)
 Metaspace       used 56667K, committed 57856K, reserved 1114112K
  class space    used 5873K, committed 6400K, reserved 1048576K
}
Event: 46.550 GC heap after
{Heap after GC invocations=46 (full 2):
 PSYoungGen      total 20992K, used 3346K [0x00000000d5580000, 0x00000000d6f80000, 0x0000000100000000)
  eden space 17408K, 0% used [0x00000000d5580000,0x00000000d5580000,0x00000000d6680000)
  from space 3584K, 93% used [0x00000000d6c00000,0x00000000d6f44988,0x00000000d6f80000)
  to   space 4096K, 0% used [0x00000000d6780000,0x00000000d6780000,0x00000000d6b80000)
 ParOldGen       total 93696K, used 93198K [0x0000000080000000, 0x0000000085b80000, 0x00000000d5580000)
  object space 93696K, 99% used [0x0000000080000000,0x0000000085b039b8,0x0000000085b80000)
 Metaspace       used 56667K, committed 57856K, reserved 1114112K
  class space    used 5873K, committed 6400K, reserved 1048576K
}
Event: 47.027 GC heap before
{Heap before GC invocations=47 (full 2):
 PSYoungGen      total 20992K, used 20754K [0x00000000d5580000, 0x00000000d6f80000, 0x0000000100000000)
  eden space 17408K, 100% used [0x00000000d5580000,0x00000000d6680000,0x00000000d6680000)
  from space 3584K, 93% used [0x00000000d6c00000,0x00000000d6f44988,0x00000000d6f80000)
  to   space 4096K, 0% used [0x00000000d6780000,0x00000000d6780000,0x00000000d6b80000)
 ParOldGen       total 93696K, used 93198K [0x0000000080000000, 0x0000000085b80000, 0x00000000d5580000)
  object space 93696K, 99% used [0x0000000080000000,0x0000000085b039b8,0x0000000085b80000)
 Metaspace       used 56709K, committed 57984K, reserved 1114112K
  class space    used 5873K, committed 6400K, reserved 1048576K
}
Event: 47.032 GC heap after
{Heap after GC invocations=47 (full 2):
 PSYoungGen      total 20480K, used 2681K [0x00000000d5580000, 0x00000000d6c80000, 0x0000000100000000)
  eden space 17408K, 0% used [0x00000000d5580000,0x00000000d5580000,0x00000000d6680000)
  from space 3072K, 87% used [0x00000000d6780000,0x00000000d6a1e420,0x00000000d6a80000)
  to   space 2048K, 0% used [0x00000000d6a80000,0x00000000d6a80000,0x00000000d6c80000)
 ParOldGen       total 96768K, used 96354K [0x0000000080000000, 0x0000000085e80000, 0x00000000d5580000)
  object space 96768K, 99% used [0x0000000080000000,0x0000000085e18900,0x0000000085e80000)
 Metaspace       used 56709K, committed 57984K, reserved 1114112K
  class space    used 5873K, committed 6400K, reserved 1048576K
}
Event: 47.392 GC heap before
{Heap before GC invocations=48 (full 2):
 PSYoungGen      total 20480K, used 20089K [0x00000000d5580000, 0x00000000d6c80000, 0x0000000100000000)
  eden space 17408K, 100% used [0x00000000d5580000,0x00000000d6680000,0x00000000d6680000)
  from space 3072K, 87% used [0x00000000d6780000,0x00000000d6a1e420,0x00000000d6a80000)
  to   space 2048K, 0% used [0x00000000d6a80000,0x00000000d6a80000,0x00000000d6c80000)
 ParOldGen       total 96768K, used 96354K [0x0000000080000000, 0x0000000085e80000, 0x00000000d5580000)
  object space 96768K, 99% used [0x0000000080000000,0x0000000085e18900,0x0000000085e80000)
 Metaspace       used 56748K, committed 57984K, reserved 1114112K
  class space    used 5873K, committed 6400K, reserved 1048576K
}
Event: 47.398 GC heap after
{Heap after GC invocations=48 (full 2):
 PSYoungGen      total 16896K, used 2038K [0x00000000d5580000, 0x00000000d7380000, 0x0000000100000000)
  eden space 14848K, 0% used [0x00000000d5580000,0x00000000d5580000,0x00000000d6400000)
  from space 2048K, 99% used [0x00000000d6a80000,0x00000000d6c7d9f8,0x00000000d6c80000)
  to   space 6656K, 0% used [0x00000000d6400000,0x00000000d6400000,0x00000000d6a80000)
 ParOldGen       total 100352K, used 100295K [0x0000000080000000, 0x0000000086200000, 0x00000000d5580000)
  object space 100352K, 99% used [0x0000000080000000,0x00000000861f1e48,0x0000000086200000)
 Metaspace       used 56748K, committed 57984K, reserved 1114112K
  class space    used 5873K, committed 6400K, reserved 1048576K
}
Event: 47.643 GC heap before
{Heap before GC invocations=49 (full 2):
 PSYoungGen      total 16896K, used 16886K [0x00000000d5580000, 0x00000000d7380000, 0x0000000100000000)
  eden space 14848K, 100% used [0x00000000d5580000,0x00000000d6400000,0x00000000d6400000)
  from space 2048K, 99% used [0x00000000d6a80000,0x00000000d6c7d9f8,0x00000000d6c80000)
  to   space 6656K, 0% used [0x00000000d6400000,0x00000000d6400000,0x00000000d6a80000)
 ParOldGen       total 100352K, used 100295K [0x0000000080000000, 0x0000000086200000, 0x00000000d5580000)
  object space 100352K, 99% used [0x0000000080000000,0x00000000861f1e48,0x0000000086200000)
 Metaspace       used 56908K, committed 58176K, reserved 1114112K
  class space    used 5889K, committed 6400K, reserved 1048576K
}
Event: 47.647 GC heap after
{Heap after GC invocations=49 (full 2):
 PSYoungGen      total 17920K, used 2986K [0x00000000d5580000, 0x00000000d6c00000, 0x0000000100000000)
  eden space 14848K, 0% used [0x00000000d5580000,0x00000000d5580000,0x00000000d6400000)
  from space 3072K, 97% used [0x00000000d6400000,0x00000000d66eaa88,0x00000000d6700000)
  to   space 4096K, 0% used [0x00000000d6800000,0x00000000d6800000,0x00000000d6c00000)
 ParOldGen       total 102400K, used 102253K [0x0000000080000000, 0x0000000086400000, 0x00000000d5580000)
  object space 102400K, 99% used [0x0000000080000000,0x00000000863db400,0x0000000086400000)
 Metaspace       used 56908K, committed 58176K, reserved 1114112K
  class space    used 5889K, committed 6400K, reserved 1048576K
}
Event: 47.926 GC heap before
{Heap before GC invocations=50 (full 2):
 PSYoungGen      total 17920K, used 17834K [0x00000000d5580000, 0x00000000d6c00000, 0x0000000100000000)
  eden space 14848K, 100% used [0x00000000d5580000,0x00000000d6400000,0x00000000d6400000)
  from space 3072K, 97% used [0x00000000d6400000,0x00000000d66eaa88,0x00000000d6700000)
  to   space 4096K, 0% used [0x00000000d6800000,0x00000000d6800000,0x00000000d6c00000)
 ParOldGen       total 102400K, used 102253K [0x0000000080000000, 0x0000000086400000, 0x00000000d5580000)
  object space 102400K, 99% used [0x0000000080000000,0x00000000863db400,0x0000000086400000)
 Metaspace       used 57328K, committed 58624K, reserved 1114112K
  class space    used 5926K, committed 6464K, reserved 1048576K
}
Event: 47.932 GC heap after
{Heap after GC invocations=50 (full 2):
 PSYoungGen      total 18432K, used 3083K [0x00000000d5580000, 0x00000000d6b80000, 0x0000000100000000)
  eden space 14848K, 0% used [0x00000000d5580000,0x00000000d5580000,0x00000000d6400000)
  from space 3584K, 86% used [0x00000000d6800000,0x00000000d6b02d48,0x00000000d6b80000)
  to   space 3584K, 0% used [0x00000000d6480000,0x00000000d6480000,0x00000000d6800000)
 ParOldGen       total 105472K, used 105017K [0x0000000080000000, 0x0000000086700000, 0x00000000d5580000)
  object space 105472K, 99% used [0x0000000080000000,0x000000008668e560,0x0000000086700000)
 Metaspace       used 57328K, committed 58624K, reserved 1114112K
  class space    used 5926K, committed 6464K, reserved 1048576K
}
Event: 48.123 GC heap before
{Heap before GC invocations=51 (full 2):
 PSYoungGen      total 18432K, used 17931K [0x00000000d5580000, 0x00000000d6b80000, 0x0000000100000000)
  eden space 14848K, 100% used [0x00000000d5580000,0x00000000d6400000,0x00000000d6400000)
  from space 3584K, 86% used [0x00000000d6800000,0x00000000d6b02d48,0x00000000d6b80000)
  to   space 3584K, 0% used [0x00000000d6480000,0x00000000d6480000,0x00000000d6800000)
 ParOldGen       total 105472K, used 105017K [0x0000000080000000, 0x0000000086700000, 0x00000000d5580000)
  object space 105472K, 99% used [0x0000000080000000,0x000000008668e560,0x0000000086700000)
 Metaspace       used 57340K, committed 58624K, reserved 1114112K
  class space    used 5926K, committed 6464K, reserved 1048576K
}
Event: 48.128 GC heap after
{Heap after GC invocations=51 (full 2):
 PSYoungGen      total 18432K, used 3314K [0x00000000d5580000, 0x00000000d6b00000, 0x0000000100000000)
  eden space 14848K, 0% used [0x00000000d5580000,0x00000000d5580000,0x00000000d6400000)
  from space 3584K, 92% used [0x00000000d6480000,0x00000000d67bc8c0,0x00000000d6800000)
  to   space 3072K, 0% used [0x00000000d6800000,0x00000000d6800000,0x00000000d6b00000)
 ParOldGen       total 108032K, used 107971K [0x0000000080000000, 0x0000000086980000, 0x00000000d5580000)
  object space 108032K, 99% used [0x0000000080000000,0x0000000086970f38,0x0000000086980000)
 Metaspace       used 57340K, committed 58624K, reserved 1114112K
  class space    used 5926K, committed 6464K, reserved 1048576K
}
Event: 48.294 GC heap before
{Heap before GC invocations=52 (full 2):
 PSYoungGen      total 18432K, used 18162K [0x00000000d5580000, 0x00000000d6b00000, 0x0000000100000000)
  eden space 14848K, 100% used [0x00000000d5580000,0x00000000d6400000,0x00000000d6400000)
  from space 3584K, 92% used [0x00000000d6480000,0x00000000d67bc8c0,0x00000000d6800000)
  to   space 3072K, 0% used [0x00000000d6800000,0x00000000d6800000,0x00000000d6b00000)
 ParOldGen       total 108032K, used 107971K [0x0000000080000000, 0x0000000086980000, 0x00000000d5580000)
  object space 108032K, 99% used [0x0000000080000000,0x0000000086970f38,0x0000000086980000)
 Metaspace       used 57344K, committed 58624K, reserved 1114112K
  class space    used 5926K, committed 6464K, reserved 1048576K
}
Event: 48.300 GC heap after
{Heap after GC invocations=52 (full 2):
 PSYoungGen      total 14848K, used 3062K [0x00000000d5580000, 0x00000000d7200000, 0x0000000100000000)
  eden space 11776K, 0% used [0x00000000d5580000,0x00000000d5580000,0x00000000d6100000)
  from space 3072K, 99% used [0x00000000d6800000,0x00000000d6afdbe8,0x00000000d6b00000)
  to   space 7168K, 0% used [0x00000000d6100000,0x00000000d6100000,0x00000000d6800000)
 ParOldGen       total 111616K, used 111429K [0x0000000080000000, 0x0000000086d00000, 0x00000000d5580000)
  object space 111616K, 99% used [0x0000000080000000,0x0000000086cd16c0,0x0000000086d00000)
 Metaspace       used 57344K, committed 58624K, reserved 1114112K
  class space    used 5926K, committed 6464K, reserved 1048576K
}
Event: 48.707 GC heap before
{Heap before GC invocations=53 (full 2):
 PSYoungGen      total 14848K, used 14838K [0x00000000d5580000, 0x00000000d7200000, 0x0000000100000000)
  eden space 11776K, 100% used [0x00000000d5580000,0x00000000d6100000,0x00000000d6100000)
  from space 3072K, 99% used [0x00000000d6800000,0x00000000d6afdbe8,0x00000000d6b00000)
  to   space 7168K, 0% used [0x00000000d6100000,0x00000000d6100000,0x00000000d6800000)
 ParOldGen       total 111616K, used 111429K [0x0000000080000000, 0x0000000086d00000, 0x00000000d5580000)
  object space 111616K, 99% used [0x0000000080000000,0x0000000086cd16c0,0x0000000086d00000)
 Metaspace       used 57347K, committed 58624K, reserved 1114112K
  class space    used 5926K, committed 6464K, reserved 1048576K
}
Event: 48.715 GC heap after
{Heap after GC invocations=53 (full 2):
 PSYoungGen      total 15872K, used 3671K [0x00000000d5580000, 0x00000000d6b00000, 0x0000000100000000)
  eden space 11776K, 0% used [0x00000000d5580000,0x00000000d5580000,0x00000000d6100000)
  from space 4096K, 89% used [0x00000000d6100000,0x00000000d6495f50,0x00000000d6500000)
  to   space 5120K, 0% used [0x00000000d6600000,0x00000000d6600000,0x00000000d6b00000)
 ParOldGen       total 114688K, used 114407K [0x0000000080000000, 0x0000000087000000, 0x00000000d5580000)
  object space 114688K, 99% used [0x0000000080000000,0x0000000086fb9c70,0x0000000087000000)
 Metaspace       used 57347K, committed 58624K, reserved 1114112K
  class space    used 5926K, committed 6464K, reserved 1048576K
}

